2008-12-02 09:24:56,206 - INFO - *** Generación de una nueva base ***
2008-12-02 09:24:56,394 - INFO - Generado el archivo html.
2008-12-02 09:24:56,424 - INFO - Generado el archivo js.
2008-12-02 09:24:56,440 - INFO - Generado el archivo html.
2008-12-02 09:24:56,440 - INFO - Generado el archivo config.
2008-12-02 09:24:56,440 - INFO - Generado el archivo config.
2008-12-02 09:24:56,503 - INFO - Generado el archivo html.
2008-12-02 09:24:56,519 - INFO - Generado el archivo html.
2008-12-02 09:24:56,535 - INFO - Generado el archivo css.
2008-12-02 09:24:56,535 - INFO - *** Se han creado los directorios y archivos necesarios para trabajar con la base eunm. ***

2008-12-02 09:25:43,459 - INFO - *** Actualización de la base demo. ***
2008-12-02 09:25:43,506 - INFO - Archivo de configuracion leido: D:\opacmarc\opac-nuevo\local-data\config\update.conf
2008-12-02 09:25:43,506 - DEBUG - Directorio de trabajo: D:\opacmarc\opac-nuevo\local-data\bases\demo\db\update
2008-12-02 09:25:43,849 - INFO - Usando como base original: D:\opacmarc\opac-nuevo\local-data\bases\demo\db\original\biblio.{mst,xrf}
2008-12-02 09:25:43,849 - INFO - Creando copia temporal de la base...
2008-12-02 09:25:45,036 - INFO - Procesando imagenes...
2008-12-02 09:25:45,865 - INFO - Creamos una copia (texto) de la base bibliografica...
2008-12-02 09:25:46,286 - INFO - Intentamos normalizar la puntuacion final, filtramos encabezamientos
2008-12-02 09:25:46,286 - INFO -    tematicos, y asignamos un numero (provisorio) a cada campo
2008-12-02 09:25:46,286 - INFO -    de encabezamientos en el subcampo ^9...
2008-12-02 09:25:47,599 - INFO - -----------------------------------------------------
2008-12-02 09:25:47,599 - INFO -  Base de encabezamientos de nombres
2008-12-02 09:25:47,599 - INFO - -----------------------------------------------------
2008-12-02 09:25:47,599 - INFO - Creamos el listado de encabezamientos de nombres...
2008-12-02 09:25:49,022 - INFO - Convertimos el listado en una base (desordenada y con duplicados)...
2008-12-02 09:25:50,022 - INFO - Regularizamos la puntuación final de los encabezamientos generados...
2008-12-02 09:25:50,334 - INFO - Almacenamos en un campo auxiliar la clave de ordenación...
2008-12-02 09:25:50,663 - INFO - Ordenamos la base de encabezamientos de nombres...
2008-12-02 09:25:51,569 - INFO - Generamos la tabla para mapear los números de encabezamientos...
2008-12-02 09:25:51,772 - INFO - Eliminamos los encabezamientos duplicados...
2008-12-02 09:25:52,099 - INFO - Creamos la base de encabezamientos de nombres (ordenada y sin duplicados)...
2008-12-02 09:25:52,224 - INFO - -----------------------------------------------------
2008-12-02 09:25:52,224 - INFO -  Base de encabezamientos temáticos
2008-12-02 09:25:52,224 - INFO - -----------------------------------------------------
2008-12-02 09:25:52,224 - INFO - Creamos el listado de encabezamientos temáticos...
2008-12-02 09:25:53,052 - INFO - Convertimos el listado en una base (desordenada y con duplicados)...
2008-12-02 09:25:53,177 - INFO - Regularizamos la puntuación final de los encabezamientos generados...
2008-12-02 09:25:53,460 - INFO - Almacenamos en un campo auxiliar la clave de ordenación...
2008-12-02 09:25:53,802 - INFO - Ordenamos la base de encabezamientos temáticos...
2008-12-02 09:25:54,897 - INFO - Generamos la tabla para mapear los números de encabezamientos...
2008-12-02 09:25:55,178 - INFO - Eliminamos los encabezamientos duplicados...
2008-12-02 09:25:55,444 - INFO - Creamos la base de encabezamientos temáticos (ordenada y sin duplicados)...
2008-12-02 09:25:55,569 - INFO - Reasignamos numeros a los encabezamientos en los registros
2008-12-02 09:25:55,569 - INFO -    bibliograficos (subcampo 9)...
2008-12-02 09:25:57,819 - INFO - -----------------------------------------------------
2008-12-02 09:25:57,819 - INFO -  Base de titulos
2008-12-02 09:25:57,819 - INFO - -----------------------------------------------------
2008-12-02 09:25:57,819 - INFO - Creamos listado de titulos...
2008-12-02 09:25:58,851 - INFO - Convertimos el listado en una base (desordenada y con duplicados)...
2008-12-02 09:25:58,944 - INFO - Almacenamos en un campo auxiliar (99) la clave de ordenacion de titulos.
2008-12-02 09:25:59,131 - INFO - Ordenamos la base de titulos.
2008-12-02 09:25:59,601 - INFO - Eliminamos los titulos duplicados.
2008-12-02 09:25:59,788 - INFO - Creamos la base de titulos (ordenada y sin duplicados).
2008-12-02 09:25:59,898 - INFO - -----------------------------------------------------
2008-12-02 09:25:59,898 - INFO -  Base bibliografica
2008-12-02 09:25:59,898 - INFO - -----------------------------------------------------
2008-12-02 09:25:59,898 - INFO - Recreamos la base bibliografica.
2008-12-02 09:26:00,023 - INFO - Ordenamos la base bibliografica.
2008-12-02 09:26:00,398 - INFO - -----------------------------------------------------
2008-12-02 09:26:00,398 - INFO -  Sub-catalogos
2008-12-02 09:26:00,398 - INFO - -----------------------------------------------------
2008-12-02 09:26:01,773 - INFO - Archivo invertido - Base de temas...
2008-12-02 09:26:02,648 - INFO - Archivo invertido - Base de nombres...
2008-12-02 09:26:03,490 - INFO - Archivo invertido - Base de titulos...
2008-12-02 09:26:04,163 - INFO - Archivo invertido - Base bibliografica...
2008-12-02 09:26:05,242 - INFO - Detectando registros analiticos...
2008-12-02 09:26:05,381 - INFO - Compactando la base bibliografica...
2008-12-02 09:26:05,585 - INFO - Asignamos postings a los terminos de name.
2008-12-02 09:26:05,788 - INFO - Asignamos postings a los terminos de subj.
2008-12-02 09:26:06,039 - INFO - Generamos diccionarios para AGREP.
2008-12-02 09:26:06,039 - INFO -    - subj
2008-12-02 09:26:06,256 - INFO -    - name
2008-12-02 09:26:06,492 - INFO -    - title (incluye series)
2008-12-02 09:26:07,789 - INFO -    - any
2008-12-02 09:26:07,789 - INFO - Lista de codigos de idioma.
2008-12-02 09:26:10,273 - INFO - Lista de codigos de bibliotecas.
2008-12-02 09:26:10,492 - INFO - Fechas extremas.
2008-12-02 09:26:10,789 - INFO - Total de registros disponibles.
2008-12-02 09:26:11,178 - INFO - Total de ejemplares disponibles.
2008-12-02 09:26:11,617 - INFO - Listado de novedades.
2008-12-02 09:26:11,914 - INFO - Fecha de esta actualizacion.
2008-12-02 09:26:11,992 - INFO - Moviendo los archivos generados...
2008-12-02 09:26:12,882 - INFO - *** Base demo actualizada exitosamente. ***

